The ``add_integer`` module
============================

Using ``add_integer``
---------------------

Import the function:

    >>> add_integer = __import__('0-add_integer').add_integer

Test basic addition:

    >>> add_integer(1, 2)
    3

    >>> add_integer(100, -2)
    98

Test with default parameter:

    >>> add_integer(2)
    100

Test with floats:

    >>> add_integer(100.3, -2)
    98

    >>> add_integer(-5.5, 5.5)
    0

Test with negative numbers:

    >>> add_integer(-10, -10)
    -20

Test with zero:

    >>> add_integer(0, 0)
    0

    >>> add_integer(0)
    98

Test type errors - first argument:

    >>> add_integer("hello", 3)
    Traceback (most recent call last):
    ...
    TypeError: a must be an integer

    >>> add_integer(None)
    Traceback (most recent call last):
    ...
    TypeError: a must be an integer

    >>> add_integer([1, 2, 3])
    Traceback (most recent call last):
    ...
    TypeError: a must be an integer

Test type errors - second argument:

    >>> add_integer(5, "hello")
    Traceback (most recent call last):
    ...
    TypeError: b must be an integer

    >>> add_integer(10, [1, 2])
    Traceback (most recent call last):
    ...
    TypeError: b must be an integer

    >>> add_integer(5, None)
    Traceback (most recent call last):
    ...
    TypeError: b must be an integer

Test with very large numbers:

    >>> add_integer(999999999999, 1)
    1000000000000

Test with infinity:

    >>> add_integer(float('inf'))
    Traceback (most recent call last):
    ...
    OverflowError: cannot convert float infinity to integer

    >>> add_integer(1, float('inf'))
    Traceback (most recent call last):
    ...
    OverflowError: cannot convert float infinity to integer

Test with NaN:

    >>> add_integer(float('nan'))
    Traceback (most recent call last):
    ...
    ValueError: cannot convert float NaN to integer

Test with boolean (should fail as bool is not int/float in strict typing):

    >>> add_integer(True, False)
    1

Test missing arguments:

    >>> add_integer()
    Traceback (most recent call last):
    ...
    TypeError: add_integer() missing 1 required positional argument: 'a'
